<?xml version="1.0" encoding="UTF-8"?>
<!-- Generated by org.testng.reporters.JUnitReportReporter -->
<testsuite hostname="yoganandpc" failures="0" tests="5" name="demos.regDemo" time="70.775" errors="0" timestamp="2024-02-09T08:34:13 IST" skipped="0">
  <testcase classname="demos.regDemo" name="search" time="8.828"/>
  <testcase classname="demos.regDemo" name="search" time="8.619"/>
  <testcase classname="demos.regDemo" name="search" time="9.856"/>
  <testcase classname="demos.regDemo" name="search" time="22.358"/>
  <testcase classname="demos.regDemo" name="search" time="21.114"/>
</testsuite> <!-- demos.regDemo -->
