<?xml version="1.0" encoding="UTF-8"?>
<!-- Generated by org.testng.reporters.JUnitReportReporter -->
<testsuite hostname="yoganandpc" failures="0" tests="1" name="demos.regDemo" time="12.138" errors="0" timestamp="2024-02-09T08:45:55 IST" skipped="0">
  <testcase classname="demos.regDemo" name="search" time="12.138"/>
</testsuite> <!-- demos.regDemo -->
